<?xml version="1.0" encoding="UTF-8" standalone="no"?>
<testsuite errors="0" failures="2" name="io.cucumber.core.plugin.JUnitFormatter" skipped="0" tests="5" time="1.011">
    <testcase classname="Database test" name="We should be able connect to the database and get the data" time="0.366">
        <system-out><![CDATA[When connection is established using "jdbc:mysql://localhost:3306/revaturejwadb" "com.mysql.jdbc.Driver" "root" and "root".passed
And I run a select query to get the "product_Name" using "product_Id" to get the data from "products" where 3.passed
Then I should see the result as "Monitor"...................................passed
]]></system-out>
    </testcase>
    <testcase classname="Database test" name="We should be able connect to the database and get the data 2" time="0.012">
        <system-out><![CDATA[When connection is established using "jdbc:mysql://localhost:3306/maybankdb" "com.mysql.jdbc.Driver" "root" and "root".passed
And I run a select query to get the "Ename" using "EmpId" to get the data from "employee" where 11.passed
Then I should see the result as "Mohan".....................................passed
]]></system-out>
    </testcase>
    <testcase classname="Database test" name="We should be able connect to the database and get the data 3" time="0.261">
        <system-out><![CDATA[When connection is established using "jdbc:postgresql://localhost:5432/postgres" "org.postgresql.Driver" "postgres" and "root".passed
And I run a select query to get the "first_name" using "id" to get the data from "student" where 1.passed
Then I should see the result as "Ahmed".....................................passed
]]></system-out>
    </testcase>
    <testcase classname="Testing all the Tests" name="Product service test" time="0.012">
        <failure message="The scenario has pending or undefined step(s)" type="java.lang.Exception"><![CDATA[Given I want to write a step with precondition..............................undefined
And some other precondition.................................................skipped
When I complete action......................................................skipped
And some other action.......................................................skipped
And yet another action......................................................skipped
Then I validate the outcomes................................................skipped
And check more outcomes.....................................................skipped
]]></failure>
    </testcase>
    <testcase classname="Testing all the Tests" name="Product repository test" time="0.004">
        <failure message="The scenario has pending or undefined step(s)" type="java.lang.Exception"><![CDATA[Given I want to write a step with precondition..............................undefined
And some other precondition.................................................skipped
When I complete action......................................................skipped
And some other action.......................................................skipped
And yet another action......................................................skipped
Then I validate the outcomes................................................skipped
And check more outcomes.....................................................skipped
]]></failure>
    </testcase>
</testsuite>
